<?xml version="1.0" encoding="UTF-8"?>
<testsuite xmlns:xsi="http://www.w3.org/2001/XMLSchema-instance" xsi:noNamespaceSchemaLocation="https://maven.apache.org/surefire/maven-surefire-plugin/xsd/surefire-test-report-3.0.xsd" version="3.0" name="com.helpdesk.service.HelpDeskServiceTest" time="0.775" tests="7" errors="0" skipped="0" failures="0">
  <properties>
    <property name="java.specification.version" value="24"/>
    <property name="sun.jnu.encoding" value="UTF-8"/>
    <property name="java.class.path" value="/Users/riteshprajapati/Desktop/HelpDeskProject/helpdesk-jdbc-platform/target/test-classes:/Users/riteshprajapati/Desktop/HelpDeskProject/helpdesk-jdbc-platform/target/classes:/Users/riteshprajapati/.m2/repository/com/mysql/mysql-connector-j/8.0.33/mysql-connector-j-8.0.33.jar:/Users/riteshprajapati/.m2/repository/com/google/protobuf/protobuf-java/3.21.9/protobuf-java-3.21.9.jar:/Users/riteshprajapati/.m2/repository/junit/junit/4.13.2/junit-4.13.2.jar:/Users/riteshprajapati/.m2/repository/org/hamcrest/hamcrest-core/1.3/hamcrest-core-1.3.jar:"/>
    <property name="java.vm.vendor" value="Homebrew"/>
    <property name="sun.arch.data.model" value="64"/>
    <property name="java.vendor.url" value="https://github.com/Homebrew/homebrew-core/issues"/>
    <property name="os.name" value="Mac OS X"/>
    <property name="java.vm.specification.version" value="24"/>
    <property name="sun.java.launcher" value="SUN_STANDARD"/>
    <property name="user.country" value="US"/>
    <property name="sun.boot.library.path" value="/opt/homebrew/Cellar/openjdk/24.0.1/libexec/openjdk.jdk/Contents/Home/lib"/>
    <property name="sun.java.command" value="/Users/riteshprajapati/Desktop/HelpDeskProject/helpdesk-jdbc-platform/target/surefire/surefirebooter-20250728171713197_3.jar /Users/riteshprajapati/Desktop/HelpDeskProject/helpdesk-jdbc-platform/target/surefire 2025-07-28T17-17-13_055-jvmRun1 surefire-20250728171713197_1tmp surefire_0-20250728171713197_2tmp"/>
    <property name="http.nonProxyHosts" value="local|*.local|169.254/16|*.169.254/16"/>
    <property name="jdk.debug" value="release"/>
    <property name="surefire.test.class.path" value="/Users/riteshprajapati/Desktop/HelpDeskProject/helpdesk-jdbc-platform/target/test-classes:/Users/riteshprajapati/Desktop/HelpDeskProject/helpdesk-jdbc-platform/target/classes:/Users/riteshprajapati/.m2/repository/com/mysql/mysql-connector-j/8.0.33/mysql-connector-j-8.0.33.jar:/Users/riteshprajapati/.m2/repository/com/google/protobuf/protobuf-java/3.21.9/protobuf-java-3.21.9.jar:/Users/riteshprajapati/.m2/repository/junit/junit/4.13.2/junit-4.13.2.jar:/Users/riteshprajapati/.m2/repository/org/hamcrest/hamcrest-core/1.3/hamcrest-core-1.3.jar:"/>
    <property name="sun.cpu.endian" value="little"/>
    <property name="user.home" value="/Users/riteshprajapati"/>
    <property name="user.language" value="en"/>
    <property name="java.specification.vendor" value="Oracle Corporation"/>
    <property name="java.version.date" value="2025-04-15"/>
    <property name="java.home" value="/opt/homebrew/Cellar/openjdk/24.0.1/libexec/openjdk.jdk/Contents/Home"/>
    <property name="file.separator" value="/"/>
    <property name="basedir" value="/Users/riteshprajapati/Desktop/HelpDeskProject/helpdesk-jdbc-platform"/>
    <property name="java.vm.compressedOopsMode" value="Zero based"/>
    <property name="line.separator" value="&#10;"/>
    <property name="java.vm.specification.vendor" value="Oracle Corporation"/>
    <property name="java.specification.name" value="Java Platform API Specification"/>
    <property name="apple.awt.application.name" value="ForkedBooter"/>
    <property name="surefire.real.class.path" value="/Users/riteshprajapati/Desktop/HelpDeskProject/helpdesk-jdbc-platform/target/surefire/surefirebooter-20250728171713197_3.jar"/>
    <property name="sun.management.compiler" value="HotSpot 64-Bit Tiered Compilers"/>
    <property name="ftp.nonProxyHosts" value="local|*.local|169.254/16|*.169.254/16"/>
    <property name="java.runtime.version" value="24.0.1"/>
    <property name="user.name" value="riteshprajapati"/>
    <property name="stdout.encoding" value="UTF-8"/>
    <property name="path.separator" value=":"/>
    <property name="os.version" value="15.5"/>
    <property name="java.runtime.name" value="OpenJDK Runtime Environment"/>
    <property name="file.encoding" value="UTF-8"/>
    <property name="java.vm.name" value="OpenJDK 64-Bit Server VM"/>
    <property name="java.vendor.version" value="Homebrew"/>
    <property name="localRepository" value="/Users/riteshprajapati/.m2/repository"/>
    <property name="java.vendor.url.bug" value="https://github.com/Homebrew/homebrew-core/issues"/>
    <property name="java.io.tmpdir" value="/var/folders/3t/32fkp1z11h59dyndqsc2f0840000gn/T/"/>
    <property name="java.version" value="24.0.1"/>
    <property name="user.dir" value="/Users/riteshprajapati/Desktop/HelpDeskProject/helpdesk-jdbc-platform"/>
    <property name="os.arch" value="aarch64"/>
    <property name="java.vm.specification.name" value="Java Virtual Machine Specification"/>
    <property name="native.encoding" value="UTF-8"/>
    <property name="java.library.path" value="/Users/riteshprajapati/Library/Java/Extensions:/Library/Java/Extensions:/Network/Library/Java/Extensions:/System/Library/Java/Extensions:/usr/lib/java:."/>
    <property name="java.vm.info" value="mixed mode, sharing"/>
    <property name="stderr.encoding" value="UTF-8"/>
    <property name="java.vendor" value="Homebrew"/>
    <property name="java.vm.version" value="24.0.1"/>
    <property name="sun.io.unicode.encoding" value="UnicodeBig"/>
    <property name="socksNonProxyHosts" value="local|*.local|169.254/16|*.169.254/16"/>
    <property name="java.class.version" value="68.0"/>
  </properties>
  <testcase name="testGetAllCustomers" classname="com.helpdesk.service.HelpDeskServiceTest" time="0.429">
    <system-out><![CDATA[Database connection established successfully!
Database connection established successfully!
Database connection established successfully!
Database connection established successfully!
]]></system-out>
  </testcase>
  <testcase name="testTicketAssignment" classname="com.helpdesk.service.HelpDeskServiceTest" time="0.112">
    <system-out><![CDATA[Database connection established successfully!
Database connection established successfully!
Database connection established successfully!
Database connection established successfully!
Database connection established successfully!
Database connection established successfully!
Database connection established successfully!
]]></system-out>
  </testcase>
  <testcase name="testTicketCreation" classname="com.helpdesk.service.HelpDeskServiceTest" time="0.07">
    <system-out><![CDATA[Database connection established successfully!
Database connection established successfully!
Database connection established successfully!
Database connection established successfully!
Database connection established successfully!
]]></system-out>
  </testcase>
  <testcase name="testAgentRegistration" classname="com.helpdesk.service.HelpDeskServiceTest" time="0.027">
    <system-out><![CDATA[Database connection established successfully!
Database connection established successfully!
]]></system-out>
  </testcase>
  <testcase name="testCustomerRegistration" classname="com.helpdesk.service.HelpDeskServiceTest" time="0.037">
    <system-out><![CDATA[Database connection established successfully!
Database connection established successfully!
Database connection established successfully!
]]></system-out>
  </testcase>
  <testcase name="testDuplicateCustomerEmail" classname="com.helpdesk.service.HelpDeskServiceTest" time="0.033">
    <system-out><![CDATA[Database connection established successfully!
Database connection established successfully!
Database connection established successfully!
]]></system-out>
  </testcase>
  <testcase name="testPerformanceReports" classname="com.helpdesk.service.HelpDeskServiceTest" time="0.034">
    <system-out><![CDATA[Database connection established successfully!
Database connection established successfully!
Database connection established successfully!
]]></system-out>
  </testcase>
</testsuite>